<?xml version="1.0" encoding="UTF-8"?>
<!-- Generated by org.testng.reporters.JUnitXMLReporter -->
<testsuite hostname="PRINHYLTPHP0981" ignored="0" name="Command line test" tests="9" failures="0" timestamp="10 Jan 2020 06:20:38 GMT" time="55.786" errors="0">
  <testcase name="gettingLocalTime" time="3.599" classname="com.test1.LocaleTimeTest"/>
  <testcase name="addFirstCity" time="0.064" classname="com.test.SampleTest"/>
  <testcase name="addSecondCity" time="0.102" classname="com.test.SampleTest"/>
  <testcase name="deleteTimeZone" time="1.304" classname="com.test.SampleTest"/>
  <testcase name="modifyDate" time="3.301" classname="com.test.SampleTest"/>
  <testcase name="pageTitle" time="0.053" classname="com.test.SampleTest"/>
  <testcase name="permanantLink" time="0.566" classname="com.test.SampleTest"/>
  <testcase name="swapButton" time="1.478" classname="com.test.SampleTest"/>
  <testcase name="timeDifference" time="0.05" classname="com.test.SampleTest"/>
</testsuite> <!-- Command line test -->
