<?xml version="1.0" encoding="UTF-8"?>
<testng-results skipped="0" failed="0" ignored="0" total="9" passed="9">
  <reporter-output>
  </reporter-output>
  <suite name="Command line suite" duration-ms="55786" started-at="2020-01-10T06:19:42Z" finished-at="2020-01-10T06:20:38Z">
    <groups>
    </groups>
    <test name="Command line test" duration-ms="55786" started-at="2020-01-10T06:19:42Z" finished-at="2020-01-10T06:20:38Z">
      <class name="com.test1.LocaleTimeTest">
        <test-method status="PASS" signature="loadBefore()[pri:0, instance:com.test1.LocaleTimeTest@3f2a3a5]" name="loadBefore" is-config="true" duration-ms="4380" started-at="2020-01-10T06:19:42Z" finished-at="2020-01-10T06:19:46Z">
          <reporter-output>
          </reporter-output>
        </test-method> <!-- loadBefore -->
        <test-method status="PASS" signature="gettingLocalTime()[pri:0, instance:com.test1.LocaleTimeTest@3f2a3a5]" name="gettingLocalTime" duration-ms="3599" started-at="2020-01-10T06:19:46Z" description="Getting the Time of a particular city" finished-at="2020-01-10T06:19:50Z">
          <reporter-output>
          </reporter-output>
        </test-method> <!-- gettingLocalTime -->
        <test-method status="PASS" signature="exit()[pri:0, instance:com.test1.LocaleTimeTest@3f2a3a5]" name="exit" is-config="true" duration-ms="139" started-at="2020-01-10T06:19:50Z" finished-at="2020-01-10T06:19:50Z">
          <reporter-output>
          </reporter-output>
        </test-method> <!-- exit -->
      </class> <!-- com.test1.LocaleTimeTest -->
      <class name="com.test.SampleTest">
        <test-method status="PASS" signature="loadBefore()[pri:0, instance:com.test.SampleTest@4cb2c100]" name="loadBefore" is-config="true" duration-ms="645" started-at="2020-01-10T06:19:50Z" finished-at="2020-01-10T06:19:51Z">
          <reporter-output>
          </reporter-output>
        </test-method> <!-- loadBefore -->
        <test-method status="PASS" signature="loadBeforeMethod()[pri:0, instance:com.test.SampleTest@4cb2c100]" name="loadBeforeMethod" is-config="true" duration-ms="8162" started-at="2020-01-10T06:19:51Z" finished-at="2020-01-10T06:19:59Z">
          <reporter-output>
          </reporter-output>
        </test-method> <!-- loadBeforeMethod -->
        <test-method status="PASS" signature="addFirstCity()[pri:0, instance:com.test.SampleTest@4cb2c100]" name="addFirstCity" duration-ms="64" started-at="2020-01-10T06:19:59Z" description="Adding First zone and verifying it" finished-at="2020-01-10T06:19:59Z">
          <reporter-output>
          </reporter-output>
        </test-method> <!-- addFirstCity -->
        <test-method status="PASS" signature="loadBeforeMethod()[pri:0, instance:com.test.SampleTest@4cb2c100]" name="loadBeforeMethod" is-config="true" duration-ms="4278" started-at="2020-01-10T06:19:59Z" finished-at="2020-01-10T06:20:03Z">
          <reporter-output>
          </reporter-output>
        </test-method> <!-- loadBeforeMethod -->
        <test-method status="PASS" signature="addSecondCity()[pri:0, instance:com.test.SampleTest@4cb2c100]" name="addSecondCity" duration-ms="102" started-at="2020-01-10T06:20:03Z" description="Adding second city and verifying" finished-at="2020-01-10T06:20:03Z">
          <reporter-output>
          </reporter-output>
        </test-method> <!-- addSecondCity -->
        <test-method status="PASS" signature="loadBeforeMethod()[pri:0, instance:com.test.SampleTest@4cb2c100]" name="loadBeforeMethod" is-config="true" duration-ms="4111" started-at="2020-01-10T06:20:03Z" finished-at="2020-01-10T06:20:07Z">
          <reporter-output>
          </reporter-output>
        </test-method> <!-- loadBeforeMethod -->
        <test-method status="PASS" signature="deleteTimeZone()[pri:0, instance:com.test.SampleTest@4cb2c100]" name="deleteTimeZone" duration-ms="1304" started-at="2020-01-10T06:20:07Z" description="Deleting the Citie" finished-at="2020-01-10T06:20:09Z">
          <reporter-output>
          </reporter-output>
        </test-method> <!-- deleteTimeZone -->
        <test-method status="PASS" signature="loadBeforeMethod()[pri:0, instance:com.test.SampleTest@4cb2c100]" name="loadBeforeMethod" is-config="true" duration-ms="4172" started-at="2020-01-10T06:20:09Z" finished-at="2020-01-10T06:20:13Z">
          <reporter-output>
          </reporter-output>
        </test-method> <!-- loadBeforeMethod -->
        <test-method status="PASS" signature="modifyDate()[pri:0, instance:com.test.SampleTest@4cb2c100]" name="modifyDate" duration-ms="3301" started-at="2020-01-10T06:20:13Z" description="Modifying the date of cities" finished-at="2020-01-10T06:20:16Z">
          <reporter-output>
          </reporter-output>
        </test-method> <!-- modifyDate -->
        <test-method status="PASS" signature="loadBeforeMethod()[pri:0, instance:com.test.SampleTest@4cb2c100]" name="loadBeforeMethod" is-config="true" duration-ms="4649" started-at="2020-01-10T06:20:16Z" finished-at="2020-01-10T06:20:21Z">
          <reporter-output>
          </reporter-output>
        </test-method> <!-- loadBeforeMethod -->
        <test-method status="PASS" signature="pageTitle()[pri:0, instance:com.test.SampleTest@4cb2c100]" name="pageTitle" duration-ms="53" started-at="2020-01-10T06:20:21Z" description="Verifying whether the page is loaded correctly or not" finished-at="2020-01-10T06:20:21Z">
          <reporter-output>
          </reporter-output>
        </test-method> <!-- pageTitle -->
        <test-method status="PASS" signature="loadBeforeMethod()[pri:0, instance:com.test.SampleTest@4cb2c100]" name="loadBeforeMethod" is-config="true" duration-ms="4082" started-at="2020-01-10T06:20:21Z" finished-at="2020-01-10T06:20:25Z">
          <reporter-output>
          </reporter-output>
        </test-method> <!-- loadBeforeMethod -->
        <test-method status="PASS" signature="permanantLink()[pri:0, instance:com.test.SampleTest@4cb2c100]" name="permanantLink" duration-ms="566" started-at="2020-01-10T06:20:25Z" description="Checking permanantLinkhttps://github.com/dileep-294/AutomationTesting.git" finished-at="2020-01-10T06:20:25Z">
          <reporter-output>
          </reporter-output>
        </test-method> <!-- permanantLink -->
        <test-method status="PASS" signature="loadBeforeMethod()[pri:0, instance:com.test.SampleTest@4cb2c100]" name="loadBeforeMethod" is-config="true" duration-ms="5740" started-at="2020-01-10T06:20:25Z" finished-at="2020-01-10T06:20:31Z">
          <reporter-output>
          </reporter-output>
        </test-method> <!-- loadBeforeMethod -->
        <test-method status="PASS" signature="swapButton()[pri:0, instance:com.test.SampleTest@4cb2c100]" name="swapButton" duration-ms="1478" started-at="2020-01-10T06:20:31Z" description="Verifying Swap Button" finished-at="2020-01-10T06:20:33Z">
          <reporter-output>
          </reporter-output>
        </test-method> <!-- swapButton -->
        <test-method status="PASS" signature="loadBeforeMethod()[pri:0, instance:com.test.SampleTest@4cb2c100]" name="loadBeforeMethod" is-config="true" duration-ms="4701" started-at="2020-01-10T06:20:33Z" finished-at="2020-01-10T06:20:37Z">
          <reporter-output>
          </reporter-output>
        </test-method> <!-- loadBeforeMethod -->
        <test-method status="PASS" signature="timeDifference()[pri:0, instance:com.test.SampleTest@4cb2c100]" name="timeDifference" duration-ms="50" started-at="2020-01-10T06:20:37Z" description="fetching times of two different zones and calculating the TimeDifference" finished-at="2020-01-10T06:20:37Z">
          <reporter-output>
          </reporter-output>
        </test-method> <!-- timeDifference -->
        <test-method status="PASS" signature="exit()[pri:0, instance:com.test.SampleTest@4cb2c100]" name="exit" is-config="true" duration-ms="183" started-at="2020-01-10T06:20:37Z" finished-at="2020-01-10T06:20:38Z">
          <reporter-output>
          </reporter-output>
        </test-method> <!-- exit -->
      </class> <!-- com.test.SampleTest -->
    </test> <!-- Command line test -->
  </suite> <!-- Command line suite -->
</testng-results>
